<?xml version="1.0" encoding="UTF-8"?>
<!-- Generated by org.testng.reporters.JUnitReportReporter -->
<testsuite hostname="CHI-VBayraktarova-MBP13-2017.local" failures="0" tests="2" name="qaclickacademy.Mavenjava.RestAPITest" time="0.009" errors="0" timestamp="2020-08-06T23:05:29 CDT" skipped="0">
  <testcase classname="qaclickacademy.Mavenjava.RestAPITest" name="PostJira" time="0.001"/>
  <system-out/>
  <testcase classname="qaclickacademy.Mavenjava.RestAPITest" name="DeleteTwitter" time="0.008"/>
  <system-out/>
</testsuite> <!-- qaclickacademy.Mavenjava.RestAPITest -->
