<?xml version="1.0" encoding="UTF-8"?>
<!-- Generated by org.testng.reporters.JUnitReportReporter -->
<testsuite hostname="CHI-VBayraktarova-MBP13-2017.local" failures="0" tests="2" name="qaclickacademy.Mavenjava.SeleniumTest" time="0.005" errors="0" timestamp="2020-08-06T23:05:29 CDT" skipped="0">
  <testcase classname="qaclickacademy.Mavenjava.SeleniumTest" name="ElementsUI" time="0.002"/>
  <system-out/>
  <testcase classname="qaclickacademy.Mavenjava.SeleniumTest" name="BrowserAutomation" time="0.003"/>
  <system-out/>
</testsuite> <!-- qaclickacademy.Mavenjava.SeleniumTest -->
