<?xml version="1.0" encoding="UTF-8"?>
<!-- Generated by org.testng.reporters.JUnitReportReporter -->
<testsuite hostname="VBayraktarova-CHI-2017-MBP13" failures="0" tests="2" name="qaclickacademy.Mavenjava.RestAPITest" time="0.004" errors="0" timestamp="2020-12-14T09:01:19 CST" skipped="0">
  <testcase classname="qaclickacademy.Mavenjava.RestAPITest" name="DeleteTwitter" time="0.004"/>
  <system-out/>
  <testcase classname="qaclickacademy.Mavenjava.RestAPITest" name="PostJira" time="0.000"/>
  <system-out/>
</testsuite> <!-- qaclickacademy.Mavenjava.RestAPITest -->
